<?xml version="1.0" encoding="UTF-8"?>
<testng-results skipped="0" failed="0" total="1" passed="1">
  <reporter-output>
  </reporter-output>
  <suite name="Default suite" duration-ms="6460" started-at="2018-07-30T06:43:58Z" finished-at="2018-07-30T06:44:04Z">
    <groups>
    </groups>
    <test name="Default test" duration-ms="6460" started-at="2018-07-30T06:43:58Z" finished-at="2018-07-30T06:44:04Z">
      <class name="MyProjects.SeleniumQuestion.ImageTest">
        <test-method status="PASS" signature="imageSearch()[pri:0, instance:MyProjects.SeleniumQuestion.ImageTest@4678c730]" name="imageSearch" duration-ms="6447" started-at="2018-07-29T23:43:58Z" finished-at="2018-07-29T23:44:04Z">
          <reporter-output>
          </reporter-output>
        </test-method> <!-- imageSearch -->
      </class> <!-- MyProjects.SeleniumQuestion.ImageTest -->
    </test> <!-- Default test -->
  </suite> <!-- Default suite -->
</testng-results>
